Arguments: 
  C:\Program Files (x86)\nodejs\node.exe C:\Program Files (x86)\Yarn\bin\yarn.js install

PATH: 
  C:\Program Files (x86)\Common Files\Oracle\Java\javapath;C:\Program Files\Docker\Docker\Resources\bin;D:\Windows Resource Kits\Tools\;C:\Python27\;C:\Python27\Scripts;C:\Program Files (x86)\Microsoft SDKs\VSTS\CLI\wbin;C:\Program Files\Microsoft MPI\Bin\;C:\WINDOWS\system32;C:\WINDOWS;C:\WINDOWS\System32\Wbem;C:\WINDOWS\System32\WindowsPowerShell\v1.0\;C:\Program Files\Microsoft SQL Server\130\Tools\Binn\;C:\Program Files\dotnet\;C:\Program Files (x86)\Skype\Phone\;C:\Users\Gunnar_magholder\.dnx\bin;C:\Program Files\Microsoft DNX\Dnvm\;C:\Program Files (x86)\Microsoft SQL Server\110\DTS\Binn\;C:\Program Files (x86)\Microsoft SQL Server\120\DTS\Binn\;C:\Program Files (x86)\Microsoft SQL Server\130\DTS\Binn\;C:\Program Files (x86)\Sennheiser\SoftphoneSDK\;C:\Program Files (x86)\Microsoft SQL Server\140\DTS\Binn\;C:\Program Files (x86)\Microsoft SQL Server\Client SDK\ODBC\130\Tools\Binn\;C:\Program Files (x86)\Microsoft SQL Server\140\Tools\Binn\;C:\Program Files (x86)\Microsoft SQL Server\140\Tools\Binn\ManagementStudio\;C:\Program Files\Microsoft SQL Server\Client SDK\ODBC\130\Tools\Binn\;C:\Program Files\Microsoft SQL Server\140\Tools\Binn\;C:\Program Files\Microsoft SQL Server\140\DTS\Binn\;C:\Program Files (x86)\Yarn\bin;C:\Program Files (x86)\nodejs\;C:\ProgramData\chocolatey\bin;C:\Program Files (x86)\Windows Kits\10\Windows Performance Toolkit\;C:\Program Files (x86)\LINQPad5;C:\Program Files\Git\cmd;C:\Ruby\bin;C:\Ruby22\bin;C:\Users\Gunnar_magholder\AppData\Local\Microsoft\WindowsApps;C:\Program Files\Microsoft VS Code\bin;C:\Users\Gunnar_magholder\AppData\Local\Programs\Fiddler;C:\Users\Gunnar_magholder\AppData\Local\Microsoft\WindowsApps;C:\Users\Gunnar_magholder\AppData\Local\atom\bin;C:\Users\Gunnar_magholder\AppData\Local\Yarn\bin;C:\Users\Gunnar_magholder\AppData\Roaming\npm;C:\Users\Gunnar_magholder\AppData\Local\GitHubDesktop\bin;C:\Users\Gunnar_magholder\AppData\Local\hyper\app-2.0.0\resources\bin

Yarn version: 
  1.3.2

Node version: 
  8.9.4

Platform: 
  win32 x64

npm manifest: 
  {
    "name": "cdn",
    "version": "0.0.2",
    "description": "Frontend for a simple content delivery network",
    "main": "index.js",
    "scripts": {
      "test": "echo \"Error: no test specified\" && exit 1"
    },
    "author": "G. Magholder",
    "license": "ISC",
    "devDependencies": {
      "css-loader": "^0.25.0",
      "react": "^15.3.2"
      "react-dom": "^15.3.2"
    },
    "dependencies": {
      "autoprefixer-loader": "^3.2.0",
      "babel-cli": "^6.18.0",
      "babel-loader": "^6.2.5",
      "babel-preset-latest": "^6.16.0",
      "babel-preset-stage-0": "^6.16.0",
      "babel-preset-react": "^6.16.0",
      "json-loader": "^0.5.4",
      "npm": "^6.1.0",
      "webpack": "^1.13.3",
      "webpack-dev-server": "^1.16.2"
    }
  }

yarn manifest: 
  No manifest

Lockfile: 
  No lockfile

Trace: 
  SyntaxError: C:\temp\cdn\package.json: Unexpected string in JSON at position 335
      at JSON.parse (<anonymous>)
      at C:\Program Files (x86)\Yarn\lib\cli.js:770:59
      at Generator.next (<anonymous>)
      at step (C:\Program Files (x86)\Yarn\lib\cli.js:92:30)
      at C:\Program Files (x86)\Yarn\lib\cli.js:103:13
      at <anonymous>
